2020-06-07T22:53:59.878Z [my-bank-api] info: Aplicação executando na porta 3000.
2020-06-07T22:55:33.476Z [my-bank-api] info: Aplicação executando na porta 3000.
2020-06-07T22:55:50.630Z [my-bank-api] info: Aplicação executando na porta 3000.
2020-06-07T22:57:26.730Z [my-bank-api] info: Aplicação executando na porta 3000.
2020-06-07T22:58:02.947Z [my-bank-api] info: Aplicação executando na porta 3000.
2020-06-07T22:58:32.380Z [my-bank-api] info: Aplicação executando na porta 3000.
2020-06-07T22:58:37.595Z [my-bank-api] info: Aplicação executando na porta 3000.
2020-06-07T22:58:37.832Z [my-bank-api] info: Aplicação executando na porta 3000.
2020-06-07T22:58:54.273Z [my-bank-api] info: Aplicação executando na porta 3000.
2020-06-07T22:59:14.039Z [my-bank-api] info: Aplicação executando na porta 3000.
2020-06-07T22:59:17.740Z [my-bank-api] info: Aplicação executando na porta 3000.
2020-06-07T22:59:21.788Z [my-bank-api] info: GET /account/:id
2020-06-07T22:59:26.262Z [my-bank-api] info: GET /account
2020-06-07T22:59:33.655Z [my-bank-api] info: POST /account - {"id":8,"name":"Magali Sousa","balance":500}
2020-06-07T22:59:38.015Z [my-bank-api] info: GET /account
2020-06-07T23:01:26.588Z [my-bank-api] info: Aplicação executando na porta 3000.
2020-06-07T23:01:50.993Z [my-bank-api] info: Aplicação executando na porta 3000.
2020-06-07T23:02:38.910Z [my-bank-api] info: Aplicação executando na porta 3000.
2020-06-07T23:02:47.325Z [my-bank-api] info: Aplicação executando na porta 3000.
2020-06-07T23:02:54.770Z [my-bank-api] info: GET /account -  - {"accounts":[{"id":1,"name":"Aline Lima","balance":500},{"id":2,"name":"Roberto Junior","balance":200},{"id":3,"name":"José Silva","balance":300},{"id":4,"name":"Maria Lucia","balance":400},{"id":5,"name":"Magali Sousa","balance":500},{"id":6,"name":"Mônica Carrijo","balance":600},{"id":8,"name":"Magali Sousa","balance":500}]}
2020-06-07T23:03:08.305Z [my-bank-api] info: Aplicação executando na porta 3000.
2020-06-07T23:03:10.158Z [my-bank-api] info: Aplicação executando na porta 3000.
2020-06-07T23:18:05.474Z [my-bank-api] info: Aplicação executando na porta 3000.
2020-06-07T23:30:16.219Z [my-bank-api] info: Aplicação executando na porta 3000.
2020-06-07T23:30:29.382Z [my-bank-api] info: GET /account - {"accounts":[{"id":1,"name":"Aline Lima","balance":500},{"id":2,"name":"Roberto Junior","balance":200},{"id":3,"name":"José Silva","balance":300},{"id":4,"name":"Maria Lucia","balance":400},{"id":5,"name":"Magali Sousa","balance":500},{"id":6,"name":"Mônica Carrijo","balance":600},{"id":8,"name":"Magali Sousa","balance":500}]}
2020-06-07T23:32:10.821Z [my-bank-api] info: Aplicação executando na porta 3000.
2020-06-07T23:32:28.328Z [my-bank-api] info: GET /account - {"accounts":[{"id":1,"name":"Aline Lima","balance":500},{"id":2,"name":"Roberto Junior","balance":200},{"id":3,"name":"José Silva","balance":300},{"id":4,"name":"Maria Lucia","balance":400},{"id":5,"name":"Magali Sousa","balance":500},{"id":6,"name":"Mônica Carrijo","balance":600},{"id":8,"name":"Magali Sousa","balance":500}]}
2020-06-07T23:32:45.954Z [my-bank-api] info: Aplicação executando na porta 3000.
2020-06-07T23:32:59.359Z [my-bank-api] info: Aplicação executando na porta 3000.
2020-06-07T23:54:29.890Z [my-bank-api] info: Aplicação executando na porta 3000.
2020-06-07T23:55:04.938Z [my-bank-api] info: Aplicação executando na porta 3000.
2020-06-08T00:00:13.722Z [my-bank-api] info: Aplicação executando na porta 3000.
2020-06-08T00:03:11.742Z [my-bank-api] info: Aplicação executando na porta 3000.
2020-06-08T00:07:07.890Z [my-bank-api] info: Aplicação executando na porta 3000.
2020-06-08T00:07:09.995Z [my-bank-api] info: Aplicação executando na porta 3000.
2020-06-08T00:08:22.578Z [my-bank-api] info: Aplicação executando na porta 3000.
2020-06-08T00:08:34.638Z [my-bank-api] info: Aplicação executando na porta 3000.
2020-06-08T00:09:52.511Z [my-bank-api] info: Aplicação executando na porta 3000.
2020-06-08T00:16:43.874Z [my-bank-api] info: GET /account - {"accounts":[{"id":1,"name":"Aline Lima","balance":500},{"id":2,"name":"Roberto Junior","balance":200},{"id":3,"name":"José Silva","balance":300},{"id":4,"name":"Maria Lucia","balance":400},{"id":5,"name":"Magali Sousa","balance":500},{"id":6,"name":"Mônica Carrijo","balance":600},{"id":8,"name":"Magali Sousa","balance":500}]}
2020-06-08T00:19:05.519Z [my-bank-api] info: Aplicação executando na porta 3000.
2020-06-08T00:19:05.674Z [my-bank-api] info: GET /account - {"accounts":[{"id":1,"name":"Aline Lima","balance":500},{"id":2,"name":"Roberto Junior","balance":200},{"id":3,"name":"José Silva","balance":300},{"id":4,"name":"Maria Lucia","balance":400},{"id":5,"name":"Magali Sousa","balance":500},{"id":6,"name":"Mônica Carrijo","balance":600},{"id":8,"name":"Magali Sousa","balance":500}]}
2020-06-08T00:19:05.810Z [my-bank-api] info: GET /account - {"accounts":[{"id":1,"name":"Aline Lima","balance":500},{"id":2,"name":"Roberto Junior","balance":200},{"id":3,"name":"José Silva","balance":300},{"id":4,"name":"Maria Lucia","balance":400},{"id":5,"name":"Magali Sousa","balance":500},{"id":6,"name":"Mônica Carrijo","balance":600},{"id":8,"name":"Magali Sousa","balance":500}]}
2020-06-08T00:19:05.947Z [my-bank-api] info: GET /account - {"accounts":[{"id":1,"name":"Aline Lima","balance":500},{"id":2,"name":"Roberto Junior","balance":200},{"id":3,"name":"José Silva","balance":300},{"id":4,"name":"Maria Lucia","balance":400},{"id":5,"name":"Magali Sousa","balance":500},{"id":6,"name":"Mônica Carrijo","balance":600},{"id":8,"name":"Magali Sousa","balance":500}]}
2020-06-08T00:19:06.093Z [my-bank-api] info: GET /account - {"accounts":[{"id":1,"name":"Aline Lima","balance":500},{"id":2,"name":"Roberto Junior","balance":200},{"id":3,"name":"José Silva","balance":300},{"id":4,"name":"Maria Lucia","balance":400},{"id":5,"name":"Magali Sousa","balance":500},{"id":6,"name":"Mônica Carrijo","balance":600},{"id":8,"name":"Magali Sousa","balance":500}]}
2020-06-08T00:19:09.644Z [my-bank-api] info: GET /account - {"accounts":[{"id":1,"name":"Aline Lima","balance":500},{"id":2,"name":"Roberto Junior","balance":200},{"id":3,"name":"José Silva","balance":300},{"id":4,"name":"Maria Lucia","balance":400},{"id":5,"name":"Magali Sousa","balance":500},{"id":6,"name":"Mônica Carrijo","balance":600},{"id":8,"name":"Magali Sousa","balance":500}]}
2020-06-08T00:19:09.790Z [my-bank-api] info: GET /account - {"accounts":[{"id":1,"name":"Aline Lima","balance":500},{"id":2,"name":"Roberto Junior","balance":200},{"id":3,"name":"José Silva","balance":300},{"id":4,"name":"Maria Lucia","balance":400},{"id":5,"name":"Magali Sousa","balance":500},{"id":6,"name":"Mônica Carrijo","balance":600},{"id":8,"name":"Magali Sousa","balance":500}]}
2020-06-08T00:19:48.450Z [my-bank-api] info: Aplicação executando na porta 3000.
2020-06-08T00:19:48.599Z [my-bank-api] info: GET /account - {"accounts":[{"id":1,"name":"Aline Lima","balance":500},{"id":2,"name":"Roberto Junior","balance":200},{"id":3,"name":"José Silva","balance":300},{"id":4,"name":"Maria Lucia","balance":400},{"id":5,"name":"Magali Sousa","balance":500},{"id":6,"name":"Mônica Carrijo","balance":600},{"id":8,"name":"Magali Sousa","balance":500}]}
2020-06-08T00:19:48.739Z [my-bank-api] info: GET /account - {"accounts":[{"id":1,"name":"Aline Lima","balance":500},{"id":2,"name":"Roberto Junior","balance":200},{"id":3,"name":"José Silva","balance":300},{"id":4,"name":"Maria Lucia","balance":400},{"id":5,"name":"Magali Sousa","balance":500},{"id":6,"name":"Mônica Carrijo","balance":600},{"id":8,"name":"Magali Sousa","balance":500}]}
2020-06-08T00:20:13.117Z [my-bank-api] info: Aplicação executando na porta 3000.
2020-06-08T00:20:13.274Z [my-bank-api] info: GET /account - {"accounts":[{"id":1,"name":"Aline Lima","balance":500},{"id":2,"name":"Roberto Junior","balance":200},{"id":3,"name":"José Silva","balance":300},{"id":4,"name":"Maria Lucia","balance":400},{"id":5,"name":"Magali Sousa","balance":500},{"id":6,"name":"Mônica Carrijo","balance":600},{"id":8,"name":"Magali Sousa","balance":500}]}
2020-06-08T00:20:13.434Z [my-bank-api] info: GET /account - {"accounts":[{"id":1,"name":"Aline Lima","balance":500},{"id":2,"name":"Roberto Junior","balance":200},{"id":3,"name":"José Silva","balance":300},{"id":4,"name":"Maria Lucia","balance":400},{"id":5,"name":"Magali Sousa","balance":500},{"id":6,"name":"Mônica Carrijo","balance":600},{"id":8,"name":"Magali Sousa","balance":500}]}
2020-06-08T00:20:13.580Z [my-bank-api] info: GET /account - {"accounts":[{"id":1,"name":"Aline Lima","balance":500},{"id":2,"name":"Roberto Junior","balance":200},{"id":3,"name":"José Silva","balance":300},{"id":4,"name":"Maria Lucia","balance":400},{"id":5,"name":"Magali Sousa","balance":500},{"id":6,"name":"Mônica Carrijo","balance":600},{"id":8,"name":"Magali Sousa","balance":500}]}
2020-06-08T00:26:47.957Z [my-bank-api] info: Aplicação executando na porta 3000.
